<?xml version="1.0" encoding="UTF-8"?>
<testng-results ignored="0" total="1" passed="1" failed="0" skipped="0">
  <reporter-output>
  </reporter-output>
  <suite started-at="2026-08-01T23:35:47 IST" name="Default suite" finished-at="2026-08-01T23:36:27 IST" duration-ms="39462">
    <groups>
    </groups>
    <test started-at="2026-08-01T23:35:47 IST" name="Default test" finished-at="2026-08-01T23:36:27 IST" duration-ms="39462">
      <class name="TestCases.HomePageTest">
        <test-method is-config="true" signature="setup()[pri:0, instance:TestCases.HomePageTest@6025e1b6]" started-at="2026-08-01T23:35:47 IST" name="setup" finished-at="2026-08-01T23:36:26 IST" duration-ms="38892" status="PASS">
          <reporter-output>
          </reporter-output>
        </test-method> <!-- setup -->
        <test-method signature="verifyHomePageTitle()[pri:0, instance:TestCases.HomePageTest@6025e1b6]" started-at="2026-08-01T23:36:26 IST" name="verifyHomePageTitle" finished-at="2026-08-01T23:36:26 IST" duration-ms="44" status="PASS">
          <reporter-output>
          </reporter-output>
        </test-method> <!-- verifyHomePageTitle -->
        <test-method is-config="true" signature="teardown()[pri:0, instance:TestCases.HomePageTest@6025e1b6]" started-at="2026-08-01T23:36:26 IST" name="teardown" finished-at="2026-08-01T23:36:27 IST" duration-ms="422" status="PASS">
          <reporter-output>
          </reporter-output>
        </test-method> <!-- teardown -->
      </class> <!-- TestCases.HomePageTest -->
    </test> <!-- Default test -->
  </suite> <!-- Default suite -->
</testng-results>
